<?xml version="1.0" encoding="UTF-8"?>
<!-- Generated by org.testng.reporters.JUnitXMLReporter -->
<testsuite ignored="1" hostname="DESKTOP-FSUGIBG" failures="0" tests="1" name="Default test" time="13.496" errors="0" timestamp="2021-10-10T16:44:25 IST">
  <testcase classname="com.Ecom.Project.Ebay_Advanced_Search_Sanity" name="category_options_in_ascending_order_test" time="1.828"/>
  <testcase classname="com.Ecom.Project.Ebay_Advanced_Search_Sanity" name="empty_advanced_search_test" time="0.0">
    <ignored/>
  </testcase> <!-- empty_advanced_search_test -->
</testsuite> <!-- Default test -->
