<?xml version="1.0" encoding="UTF-8"?>
<testng-results ignored="1" total="2" passed="1" failed="0" skipped="0">
  <reporter-output>
  </reporter-output>
  <suite started-at="2021-10-10T16:44:11 IST" name="Default suite" finished-at="2021-10-10T16:44:25 IST" duration-ms="13496">
    <groups>
    </groups>
    <test started-at="2021-10-10T16:44:11 IST" name="Default test" finished-at="2021-10-10T16:44:25 IST" duration-ms="13496">
      <class name="com.Ecom.Project.Ebay_Advanced_Search_Sanity">
        <test-method is-config="true" signature="setUp()[pri:0, instance:com.Ecom.Project.Ebay_Advanced_Search_Sanity@7fee8714]" started-at="2021-10-10T16:44:11 IST" name="setUp" finished-at="2021-10-10T16:44:19 IST" duration-ms="7288" status="PASS">
          <reporter-output>
          </reporter-output>
        </test-method> <!-- setUp -->
        <test-method signature="category_options_in_ascending_order_test()[pri:0, instance:com.Ecom.Project.Ebay_Advanced_Search_Sanity@7fee8714]" started-at="2021-10-10T16:44:19 IST" name="category_options_in_ascending_order_test" finished-at="2021-10-10T16:44:21 IST" duration-ms="1828" status="PASS">
          <reporter-output>
          </reporter-output>
        </test-method> <!-- category_options_in_ascending_order_test -->
        <test-method is-config="true" signature="tearDown()[pri:0, instance:com.Ecom.Project.Ebay_Advanced_Search_Sanity@7fee8714]" started-at="2021-10-10T16:44:21 IST" name="tearDown" finished-at="2021-10-10T16:44:25 IST" duration-ms="4303" status="PASS">
          <reporter-output>
          </reporter-output>
        </test-method> <!-- tearDown -->
      </class> <!-- com.Ecom.Project.Ebay_Advanced_Search_Sanity -->
    </test> <!-- Default test -->
  </suite> <!-- Default suite -->
</testng-results>
